2:56:04 PM: Executing routine ngdp_rpch
2:56:04 PM: Executing ngdp_rpch
2:56:13 PM: ghjghjghghjghj
2:56:13 PM: ghjghjghghjghj
2:56:13 PM: ghjghjghghjghj
2:56:13 PM: ghjghjghghjghj
2:56:13 PM: ghjghjghghjghj
2:56:13 PM: ghjghjghghjghj
2:56:13 PM: ghjghjghghjghj
2:56:13 PM: ghjghjghghjghj
2:56:13 PM: ghjghjghghjghj
2:56:13 PM: ghjghjghghjghj
2:56:13 PM: ghjghjghghjghj
2:56:13 PM: ghjghjghghjghj
2:56:13 PM: ghjghjghghjghj
2:56:13 PM: ghjghjghghjghj
2:56:13 PM: ghjghjghghjghj
2:56:13 PM: ghjghjghghjghj
2:56:13 PM: ghjghjghghjghj
2:56:13 PM: ghjghjghghjghj
2:56:13 PM: ghjghjghghjghj
2:56:13 PM: ghjghjghghjghj
2:56:13 PM: ghjghjghghjghj
2:56:13 PM: ghjghjghghjghj
2:56:13 PM: ghjghjghghjghj
2:56:13 PM: ghjghjghghjghj
2:56:13 PM: ghjghjghghjghj
2:56:13 PM: ghjghjghghjghj
2:56:13 PM: ghjghjghghjghj
2:56:13 PM: ghjghjghghjghj
2:56:13 PM: ghjghjghghjghj
2:56:13 PM: ghjghjghghjghj
2:56:13 PM: ghjghjghghjghj
2:56:13 PM: ghjghjghghjghj
2:56:13 PM: ghjghjghghjghj
2:56:13 PM: ghjghjghghjghj
2:56:13 PM: ghjghjghghjghj
2:56:13 PM: ghjghjghghjghj
2:56:13 PM: ghjghjghghjghj
2:56:13 PM: ghjghjghghjghj
2:56:13 PM: ghjghjghghjghj
2:56:13 PM: ghjghjghghjghj
2:56:13 PM: ghjghjghghjghj
2:56:13 PM: ghjghjghghjghj
2:56:13 PM: ghjghjghghjghj
2:56:13 PM: ghjghjghghjghj
2:56:13 PM: ghjghjghghjghj
2:56:13 PM: ghjghjghghjghj
2:56:13 PM: ghjghjghghjghj
2:56:13 PM: ghjghjghghjghj
2:56:13 PM: ghjghjghghjghj
2:56:13 PM: ghjghjghghjghj
2:56:13 PM: ghjghjghghjghj
2:56:13 PM: ghjghjghghjghj
2:56:13 PM: ghjghjghghjghj
2:56:13 PM: ghjghjghghjghj
2:56:13 PM: ghjghjghghjghj
2:56:13 PM: ghjghjghghjghj
2:56:13 PM: ghjghjghghjghj
2:56:13 PM: ghjghjghghjghj
2:56:13 PM: ghjghjghghjghj
2:56:13 PM: ghjghjghghjghj
2:56:13 PM: ghjghjghghjghj
2:56:13 PM: ghjghjghghjghj
2:56:13 PM: ghjghjghghjghj
2:56:13 PM: ghjghjghghjghj
2:56:13 PM: ghjghjghghjghj
2:56:13 PM: ghjghjghghjghj
2:56:13 PM: ghjghjghghjghj
2:56:13 PM: ghjghjghghjghj
2:56:13 PM: ghjghjghghjghj
2:56:13 PM: ghjghjghghjghj
2:56:13 PM: ghjghjghghjghj
2:56:13 PM: ghjghjghghjghj
2:56:13 PM: ghjghjghghjghj
2:56:13 PM: ghjghjghghjghj
2:56:13 PM: ghjghjghghjghj
2:56:13 PM: ghjghjghghjghj
2:56:13 PM: ghjghjghghjghj
2:56:13 PM: ghjghjghghjghj
2:56:13 PM: ghjghjghghjghj
2:56:13 PM: ghjghjghghjghj
2:56:13 PM: ghjghjghghjghj
2:56:13 PM: ghjghjghghjghj
2:56:13 PM: ghjghjghghjghj
2:56:13 PM: ghjghjghghjghj
2:56:13 PM: ghjghjghghjghj
2:56:13 PM: ghjghjghghjghj
2:56:13 PM: ghjghjghghjghj
2:56:13 PM: ghjghjghghjghj
2:56:13 PM: ghjghjghghjghj
2:56:13 PM: ghjghjghghjghj
2:56:13 PM: ghjghjghghjghj
2:56:13 PM: ghjghjghghjghj
2:56:13 PM: ghjghjghghjghj
2:56:13 PM: ghjghjghghjghj
2:56:13 PM: ghjghjghghjghj
2:56:13 PM: ghjghjghghjghj
2:56:13 PM: ghjghjghghjghj
2:56:13 PM: ghjghjghghjghj
2:56:13 PM: ghjghjghghjghj
2:56:13 PM: ghjghjghghjghj
2:56:13 PM: ghjghjghghjghj
2:56:13 PM: ghjghjghghjghj
2:56:13 PM: ghjghjghghjghj
2:56:13 PM: ghjghjghghjghj
2:56:13 PM: ghjghjghghjghj
2:56:13 PM: ghjghjghghjghj
2:56:13 PM: ghjghjghghjghj
2:56:13 PM: ghjghjghghjghj
2:56:13 PM: ghjghjghghjghj
2:56:13 PM: ghjghjghghjghj
2:56:13 PM: ghjghjghghjghj
2:56:13 PM: ghjghjghghjghj
2:56:13 PM: ghjghjghghjghj
2:56:13 PM: ghjghjghghjghj
2:56:13 PM: ghjghjghghjghj
2:56:13 PM: ghjghjghghjghj
2:56:13 PM: ghjghjghghjghj
2:56:13 PM: ghjghjghghjghj
2:56:13 PM: ghjghjghghjghj
2:56:13 PM: ghjghjghghjghj
2:56:13 PM: ghjghjghghjghj
2:56:13 PM: ghjghjghghjghj
2:56:13 PM: ghjghjghghjghj
2:56:13 PM: ghjghjghghjghj
2:56:13 PM: ghjghjghghjghj
2:56:13 PM: ghjghjghghjghj
2:56:13 PM: ghjghjghghjghj
2:56:13 PM: ghjghjghghjghj
2:56:13 PM: ghjghjghghjghj
2:56:13 PM: ghjghjghghjghj
2:56:13 PM: ghjghjghghjghj
2:56:13 PM: ghjghjghghjghj
2:56:13 PM: ghjghjghghjghj
2:56:13 PM: ghjghjghghjghj
2:56:13 PM: ghjghjghghjghj
2:56:13 PM: ghjghjghghjghj
2:56:13 PM: ghjghjghghjghj
2:56:13 PM: ghjghjghghjghj
2:56:13 PM: ghjghjghghjghj
2:56:13 PM: ghjghjghghjghj
2:56:13 PM: ghjghjghghjghj
2:56:13 PM: ghjghjghghjghj
2:56:13 PM: ghjghjghghjghj
2:56:13 PM: ghjghjghghjghj
2:56:13 PM: ghjghjghghjghj
2:56:13 PM: ghjghjghghjghj
2:56:13 PM: ghjghjghghjghj
2:56:13 PM: ghjghjghghjghj
2:56:13 PM: ghjghjghghjghj
2:56:13 PM: ghjghjghghjghj
2:56:13 PM: ghjghjghghjghj
2:56:13 PM: ghjghjghghjghj
2:56:13 PM: ghjghjghghjghj
2:56:13 PM: ghjghjghghjghj
2:56:14 PM: ghjghjghghjghj
2:56:14 PM: ghjghjghghjghj
2:56:14 PM: ghjghjghghjghj
2:56:14 PM: ghjghjghghjghj
2:56:14 PM: ghjghjghghjghj
2:56:14 PM: ghjghjghghjghj
2:56:14 PM: ghjghjghghjghj
2:56:14 PM: ghjghjghghjghj
2:56:14 PM: ghjghjghghjghj
2:56:14 PM: ghjghjghghjghj
2:56:14 PM: ghjghjghghjghj
2:56:14 PM: ghjghjghghjghj
2:56:14 PM: ghjghjghghjghj
2:56:14 PM: ghjghjghghjghj
2:56:14 PM: ghjghjghghjghj
2:56:14 PM: ghjghjghghjghj
2:56:14 PM: ghjghjghghjghj
2:56:14 PM: ghjghjghghjghj
2:56:14 PM: ghjghjghghjghj
2:56:14 PM: ghjghjghghjghj
2:56:14 PM: ghjghjghghjghj
2:56:14 PM: ghjghjghghjghj
2:56:14 PM: ghjghjghghjghj
2:56:14 PM: ghjghjghghjghj
2:56:14 PM: ghjghjghghjghj
2:56:14 PM: ghjghjghghjghj
2:56:14 PM: ghjghjghghjghj
2:56:14 PM: ghjghjghghjghj
2:56:14 PM: ghjghjghghjghj
2:56:14 PM: ghjghjghghjghj
2:56:14 PM: ghjghjghghjghj
2:56:14 PM: ghjghjghghjghj
2:56:14 PM: ghjghjghghjghj
2:56:14 PM: ghjghjghghjghj
2:56:14 PM: ghjghjghghjghj
2:56:14 PM: ghjghjghghjghj
2:56:14 PM: ghjghjghghjghj
2:56:14 PM: ghjghjghghjghj
2:56:14 PM: Preparing metadata file...
2:56:14 PM: No metadata to save
2:56:14 PM: Preparing data file...
2:56:14 PM: Data file has been prepared
2:56:14 PM: Uploading data file...
2:56:14 PM: ngdp_rpch has been executed successfully
