11:20:02 AM: Executing routine ngdp_rpch
11:20:02 AM: Executing ngdp_rpch
11:20:10 AM: ghjghjghghjghj
11:20:10 AM: ghjghjghghjghj
11:20:10 AM: ghjghjghghjghj
11:20:10 AM: ghjghjghghjghj
11:20:10 AM: ghjghjghghjghj
11:20:10 AM: ghjghjghghjghj
11:20:10 AM: ghjghjghghjghj
11:20:10 AM: ghjghjghghjghj
11:20:10 AM: ghjghjghghjghj
11:20:10 AM: ghjghjghghjghj
11:20:10 AM: ghjghjghghjghj
11:20:10 AM: ghjghjghghjghj
11:20:10 AM: ghjghjghghjghj
11:20:10 AM: ghjghjghghjghj
11:20:10 AM: ghjghjghghjghj
11:20:10 AM: ghjghjghghjghj
11:20:10 AM: ghjghjghghjghj
11:20:10 AM: ghjghjghghjghj
11:20:10 AM: ghjghjghghjghj
11:20:10 AM: ghjghjghghjghj
11:20:10 AM: ghjghjghghjghj
11:20:10 AM: ghjghjghghjghj
11:20:10 AM: ghjghjghghjghj
11:20:10 AM: ghjghjghghjghj
11:20:10 AM: ghjghjghghjghj
11:20:10 AM: ghjghjghghjghj
11:20:10 AM: ghjghjghghjghj
11:20:10 AM: ghjghjghghjghj
11:20:10 AM: ghjghjghghjghj
11:20:10 AM: ghjghjghghjghj
11:20:10 AM: ghjghjghghjghj
11:20:10 AM: ghjghjghghjghj
11:20:10 AM: ghjghjghghjghj
11:20:10 AM: ghjghjghghjghj
11:20:10 AM: ghjghjghghjghj
11:20:10 AM: ghjghjghghjghj
11:20:10 AM: ghjghjghghjghj
11:20:10 AM: ghjghjghghjghj
11:20:10 AM: ghjghjghghjghj
11:20:10 AM: ghjghjghghjghj
11:20:10 AM: ghjghjghghjghj
11:20:10 AM: ghjghjghghjghj
11:20:10 AM: ghjghjghghjghj
11:20:10 AM: ghjghjghghjghj
11:20:10 AM: ghjghjghghjghj
11:20:10 AM: ghjghjghghjghj
11:20:10 AM: ghjghjghghjghj
11:20:10 AM: ghjghjghghjghj
11:20:10 AM: ghjghjghghjghj
11:20:10 AM: ghjghjghghjghj
11:20:10 AM: ghjghjghghjghj
11:20:10 AM: ghjghjghghjghj
11:20:10 AM: ghjghjghghjghj
11:20:10 AM: ghjghjghghjghj
11:20:10 AM: ghjghjghghjghj
11:20:10 AM: ghjghjghghjghj
11:20:10 AM: ghjghjghghjghj
11:20:10 AM: ghjghjghghjghj
11:20:10 AM: ghjghjghghjghj
11:20:10 AM: ghjghjghghjghj
11:20:10 AM: ghjghjghghjghj
11:20:10 AM: ghjghjghghjghj
11:20:10 AM: ghjghjghghjghj
11:20:10 AM: ghjghjghghjghj
11:20:10 AM: ghjghjghghjghj
11:20:10 AM: ghjghjghghjghj
11:20:10 AM: ghjghjghghjghj
11:20:10 AM: ghjghjghghjghj
11:20:10 AM: ghjghjghghjghj
11:20:10 AM: ghjghjghghjghj
11:20:10 AM: ghjghjghghjghj
11:20:10 AM: ghjghjghghjghj
11:20:10 AM: ghjghjghghjghj
11:20:10 AM: ghjghjghghjghj
11:20:10 AM: ghjghjghghjghj
11:20:10 AM: ghjghjghghjghj
11:20:10 AM: ghjghjghghjghj
11:20:10 AM: ghjghjghghjghj
11:20:10 AM: ghjghjghghjghj
11:20:10 AM: ghjghjghghjghj
11:20:10 AM: ghjghjghghjghj
11:20:10 AM: ghjghjghghjghj
11:20:10 AM: ghjghjghghjghj
11:20:10 AM: ghjghjghghjghj
11:20:10 AM: ghjghjghghjghj
11:20:10 AM: ghjghjghghjghj
11:20:10 AM: ghjghjghghjghj
11:20:10 AM: ghjghjghghjghj
11:20:10 AM: ghjghjghghjghj
11:20:10 AM: ghjghjghghjghj
11:20:10 AM: ghjghjghghjghj
11:20:10 AM: ghjghjghghjghj
11:20:10 AM: ghjghjghghjghj
11:20:10 AM: ghjghjghghjghj
11:20:10 AM: ghjghjghghjghj
11:20:10 AM: ghjghjghghjghj
11:20:10 AM: ghjghjghghjghj
11:20:10 AM: ghjghjghghjghj
11:20:10 AM: ghjghjghghjghj
11:20:10 AM: ghjghjghghjghj
11:20:10 AM: ghjghjghghjghj
11:20:10 AM: ghjghjghghjghj
11:20:10 AM: ghjghjghghjghj
11:20:10 AM: ghjghjghghjghj
11:20:10 AM: ghjghjghghjghj
11:20:10 AM: ghjghjghghjghj
11:20:10 AM: ghjghjghghjghj
11:20:10 AM: ghjghjghghjghj
11:20:10 AM: ghjghjghghjghj
11:20:10 AM: ghjghjghghjghj
11:20:10 AM: ghjghjghghjghj
11:20:10 AM: ghjghjghghjghj
11:20:10 AM: ghjghjghghjghj
11:20:10 AM: ghjghjghghjghj
11:20:10 AM: ghjghjghghjghj
11:20:10 AM: ghjghjghghjghj
11:20:10 AM: ghjghjghghjghj
11:20:10 AM: ghjghjghghjghj
11:20:10 AM: ghjghjghghjghj
11:20:10 AM: ghjghjghghjghj
11:20:10 AM: ghjghjghghjghj
11:20:10 AM: ghjghjghghjghj
11:20:10 AM: ghjghjghghjghj
11:20:10 AM: ghjghjghghjghj
11:20:10 AM: ghjghjghghjghj
11:20:10 AM: ghjghjghghjghj
11:20:10 AM: ghjghjghghjghj
11:20:10 AM: ghjghjghghjghj
11:20:10 AM: ghjghjghghjghj
11:20:10 AM: ghjghjghghjghj
11:20:10 AM: ghjghjghghjghj
11:20:10 AM: ghjghjghghjghj
11:20:10 AM: ghjghjghghjghj
11:20:10 AM: ghjghjghghjghj
11:20:10 AM: ghjghjghghjghj
11:20:10 AM: ghjghjghghjghj
11:20:10 AM: ghjghjghghjghj
11:20:10 AM: ghjghjghghjghj
11:20:10 AM: ghjghjghghjghj
11:20:10 AM: ghjghjghghjghj
11:20:10 AM: ghjghjghghjghj
11:20:10 AM: ghjghjghghjghj
11:20:10 AM: ghjghjghghjghj
11:20:10 AM: ghjghjghghjghj
11:20:10 AM: ghjghjghghjghj
11:20:10 AM: ghjghjghghjghj
11:20:11 AM: ghjghjghghjghj
11:20:11 AM: ghjghjghghjghj
11:20:11 AM: ghjghjghghjghj
11:20:11 AM: ghjghjghghjghj
11:20:11 AM: ghjghjghghjghj
11:20:11 AM: ghjghjghghjghj
11:20:11 AM: ghjghjghghjghj
11:20:11 AM: ghjghjghghjghj
11:20:11 AM: ghjghjghghjghj
11:20:11 AM: ghjghjghghjghj
11:20:11 AM: ghjghjghghjghj
11:20:11 AM: ghjghjghghjghj
11:20:11 AM: ghjghjghghjghj
11:20:11 AM: ghjghjghghjghj
11:20:11 AM: ghjghjghghjghj
11:20:11 AM: ghjghjghghjghj
11:20:11 AM: ghjghjghghjghj
11:20:11 AM: ghjghjghghjghj
11:20:11 AM: ghjghjghghjghj
11:20:11 AM: ghjghjghghjghj
11:20:11 AM: ghjghjghghjghj
11:20:11 AM: ghjghjghghjghj
11:20:11 AM: ghjghjghghjghj
11:20:11 AM: ghjghjghghjghj
11:20:11 AM: ghjghjghghjghj
11:20:11 AM: ghjghjghghjghj
11:20:11 AM: ghjghjghghjghj
11:20:11 AM: ghjghjghghjghj
11:20:11 AM: ghjghjghghjghj
11:20:11 AM: ghjghjghghjghj
11:20:11 AM: ghjghjghghjghj
11:20:11 AM: ghjghjghghjghj
11:20:11 AM: ghjghjghghjghj
11:20:11 AM: ghjghjghghjghj
11:20:11 AM: ghjghjghghjghj
11:20:11 AM: ghjghjghghjghj
11:20:11 AM: ghjghjghghjghj
11:20:11 AM: ghjghjghghjghj
11:20:11 AM: ghjghjghghjghj
11:20:11 AM: ghjghjghghjghj
11:20:11 AM: ghjghjghghjghj
11:20:11 AM: ghjghjghghjghj
11:20:11 AM: ghjghjghghjghj
11:20:11 AM: ghjghjghghjghj
11:20:11 AM: ghjghjghghjghj
11:20:11 AM: ghjghjghghjghj
11:20:11 AM: Preparing metadata file...
11:20:11 AM: No metadata to save
11:20:11 AM: Preparing data file...
11:20:11 AM: Data file has been prepared
11:20:11 AM: Uploading data file...
11:20:11 AM: Error: Dataset cannot be saved without providing AppId and AppSecret method or connecting to the dataset host in the application
11:20:11 AM: ngdp_rpch has been executed with error(s)
