11:22:11 AM: Executing routine ngdp_rpch
11:22:11 AM: Executing ngdp_rpch
11:22:19 AM: ghjghjghghjghj
11:22:19 AM: ghjghjghghjghj
11:22:19 AM: ghjghjghghjghj
11:22:19 AM: ghjghjghghjghj
11:22:19 AM: ghjghjghghjghj
11:22:19 AM: ghjghjghghjghj
11:22:19 AM: ghjghjghghjghj
11:22:19 AM: ghjghjghghjghj
11:22:19 AM: ghjghjghghjghj
11:22:19 AM: ghjghjghghjghj
11:22:19 AM: ghjghjghghjghj
11:22:19 AM: ghjghjghghjghj
11:22:19 AM: ghjghjghghjghj
11:22:19 AM: ghjghjghghjghj
11:22:19 AM: ghjghjghghjghj
11:22:19 AM: ghjghjghghjghj
11:22:19 AM: ghjghjghghjghj
11:22:19 AM: ghjghjghghjghj
11:22:19 AM: ghjghjghghjghj
11:22:19 AM: ghjghjghghjghj
11:22:19 AM: ghjghjghghjghj
11:22:19 AM: ghjghjghghjghj
11:22:19 AM: ghjghjghghjghj
11:22:19 AM: ghjghjghghjghj
11:22:19 AM: ghjghjghghjghj
11:22:19 AM: ghjghjghghjghj
11:22:19 AM: ghjghjghghjghj
11:22:19 AM: ghjghjghghjghj
11:22:19 AM: ghjghjghghjghj
11:22:19 AM: ghjghjghghjghj
11:22:19 AM: ghjghjghghjghj
11:22:19 AM: ghjghjghghjghj
11:22:19 AM: ghjghjghghjghj
11:22:19 AM: ghjghjghghjghj
11:22:19 AM: ghjghjghghjghj
11:22:19 AM: ghjghjghghjghj
11:22:19 AM: ghjghjghghjghj
11:22:19 AM: ghjghjghghjghj
11:22:19 AM: ghjghjghghjghj
11:22:19 AM: ghjghjghghjghj
11:22:19 AM: ghjghjghghjghj
11:22:19 AM: ghjghjghghjghj
11:22:19 AM: ghjghjghghjghj
11:22:19 AM: ghjghjghghjghj
11:22:19 AM: ghjghjghghjghj
11:22:19 AM: ghjghjghghjghj
11:22:19 AM: ghjghjghghjghj
11:22:19 AM: ghjghjghghjghj
11:22:19 AM: ghjghjghghjghj
11:22:19 AM: ghjghjghghjghj
11:22:19 AM: ghjghjghghjghj
11:22:19 AM: ghjghjghghjghj
11:22:19 AM: ghjghjghghjghj
11:22:19 AM: ghjghjghghjghj
11:22:19 AM: ghjghjghghjghj
11:22:19 AM: ghjghjghghjghj
11:22:19 AM: ghjghjghghjghj
11:22:19 AM: ghjghjghghjghj
11:22:19 AM: ghjghjghghjghj
11:22:19 AM: ghjghjghghjghj
11:22:19 AM: ghjghjghghjghj
11:22:20 AM: ghjghjghghjghj
11:22:20 AM: ghjghjghghjghj
11:22:20 AM: ghjghjghghjghj
11:22:20 AM: ghjghjghghjghj
11:22:20 AM: ghjghjghghjghj
11:22:20 AM: ghjghjghghjghj
11:22:20 AM: ghjghjghghjghj
11:22:20 AM: ghjghjghghjghj
11:22:20 AM: ghjghjghghjghj
11:22:20 AM: ghjghjghghjghj
11:22:20 AM: ghjghjghghjghj
11:22:20 AM: ghjghjghghjghj
11:22:20 AM: ghjghjghghjghj
11:22:20 AM: ghjghjghghjghj
11:22:20 AM: ghjghjghghjghj
11:22:20 AM: ghjghjghghjghj
11:22:20 AM: ghjghjghghjghj
11:22:20 AM: ghjghjghghjghj
11:22:20 AM: ghjghjghghjghj
11:22:20 AM: ghjghjghghjghj
11:22:20 AM: ghjghjghghjghj
11:22:20 AM: ghjghjghghjghj
11:22:20 AM: ghjghjghghjghj
11:22:20 AM: ghjghjghghjghj
11:22:20 AM: ghjghjghghjghj
11:22:20 AM: ghjghjghghjghj
11:22:20 AM: ghjghjghghjghj
11:22:20 AM: ghjghjghghjghj
11:22:20 AM: ghjghjghghjghj
11:22:20 AM: ghjghjghghjghj
11:22:20 AM: ghjghjghghjghj
11:22:20 AM: ghjghjghghjghj
11:22:20 AM: ghjghjghghjghj
11:22:20 AM: ghjghjghghjghj
11:22:20 AM: ghjghjghghjghj
11:22:20 AM: ghjghjghghjghj
11:22:20 AM: ghjghjghghjghj
11:22:20 AM: ghjghjghghjghj
11:22:20 AM: ghjghjghghjghj
11:22:20 AM: ghjghjghghjghj
11:22:20 AM: ghjghjghghjghj
11:22:20 AM: ghjghjghghjghj
11:22:20 AM: ghjghjghghjghj
11:22:20 AM: ghjghjghghjghj
11:22:20 AM: ghjghjghghjghj
11:22:20 AM: ghjghjghghjghj
11:22:20 AM: ghjghjghghjghj
11:22:20 AM: ghjghjghghjghj
11:22:20 AM: ghjghjghghjghj
11:22:20 AM: ghjghjghghjghj
11:22:20 AM: ghjghjghghjghj
11:22:20 AM: ghjghjghghjghj
11:22:20 AM: ghjghjghghjghj
11:22:20 AM: ghjghjghghjghj
11:22:20 AM: ghjghjghghjghj
11:22:20 AM: ghjghjghghjghj
11:22:20 AM: ghjghjghghjghj
11:22:20 AM: ghjghjghghjghj
11:22:20 AM: ghjghjghghjghj
11:22:20 AM: ghjghjghghjghj
11:22:20 AM: ghjghjghghjghj
11:22:20 AM: ghjghjghghjghj
11:22:20 AM: ghjghjghghjghj
11:22:20 AM: ghjghjghghjghj
11:22:20 AM: ghjghjghghjghj
11:22:20 AM: ghjghjghghjghj
11:22:20 AM: ghjghjghghjghj
11:22:20 AM: ghjghjghghjghj
11:22:20 AM: ghjghjghghjghj
11:22:20 AM: ghjghjghghjghj
11:22:20 AM: ghjghjghghjghj
11:22:20 AM: ghjghjghghjghj
11:22:20 AM: ghjghjghghjghj
11:22:20 AM: ghjghjghghjghj
11:22:20 AM: ghjghjghghjghj
11:22:20 AM: ghjghjghghjghj
11:22:20 AM: ghjghjghghjghj
11:22:20 AM: ghjghjghghjghj
11:22:20 AM: ghjghjghghjghj
11:22:20 AM: ghjghjghghjghj
11:22:20 AM: ghjghjghghjghj
11:22:20 AM: ghjghjghghjghj
11:22:20 AM: ghjghjghghjghj
11:22:20 AM: ghjghjghghjghj
11:22:20 AM: ghjghjghghjghj
11:22:20 AM: ghjghjghghjghj
11:22:20 AM: ghjghjghghjghj
11:22:20 AM: ghjghjghghjghj
11:22:20 AM: ghjghjghghjghj
11:22:20 AM: ghjghjghghjghj
11:22:20 AM: ghjghjghghjghj
11:22:20 AM: ghjghjghghjghj
11:22:20 AM: ghjghjghghjghj
11:22:20 AM: ghjghjghghjghj
11:22:20 AM: ghjghjghghjghj
11:22:20 AM: ghjghjghghjghj
11:22:20 AM: ghjghjghghjghj
11:22:20 AM: ghjghjghghjghj
11:22:20 AM: ghjghjghghjghj
11:22:20 AM: ghjghjghghjghj
11:22:20 AM: ghjghjghghjghj
11:22:20 AM: ghjghjghghjghj
11:22:20 AM: ghjghjghghjghj
11:22:20 AM: ghjghjghghjghj
11:22:20 AM: ghjghjghghjghj
11:22:20 AM: ghjghjghghjghj
11:22:20 AM: ghjghjghghjghj
11:22:20 AM: ghjghjghghjghj
11:22:20 AM: ghjghjghghjghj
11:22:20 AM: ghjghjghghjghj
11:22:20 AM: ghjghjghghjghj
11:22:20 AM: ghjghjghghjghj
11:22:20 AM: ghjghjghghjghj
11:22:20 AM: ghjghjghghjghj
11:22:20 AM: ghjghjghghjghj
11:22:20 AM: ghjghjghghjghj
11:22:20 AM: ghjghjghghjghj
11:22:20 AM: ghjghjghghjghj
11:22:20 AM: ghjghjghghjghj
11:22:20 AM: ghjghjghghjghj
11:22:20 AM: ghjghjghghjghj
11:22:20 AM: ghjghjghghjghj
11:22:20 AM: ghjghjghghjghj
11:22:20 AM: ghjghjghghjghj
11:22:20 AM: ghjghjghghjghj
11:22:20 AM: ghjghjghghjghj
11:22:20 AM: ghjghjghghjghj
11:22:20 AM: ghjghjghghjghj
11:22:20 AM: ghjghjghghjghj
11:22:20 AM: ghjghjghghjghj
11:22:20 AM: ghjghjghghjghj
11:22:20 AM: Preparing metadata file...
11:22:20 AM: No metadata to save
11:22:20 AM: Preparing data file...
11:22:20 AM: Data file has been prepared
11:22:20 AM: Uploading data file...
11:22:20 AM: ngdp_rpch has been executed successfully
